D:\ITMO\DEGREE\PROGRAMS\WFSCHED\X64\RELEASE\RESERVEDTIMECRITERIA.OBJ
D:\ITMO\DEGREE\PROGRAMS\WFSCHED\X64\RELEASE\METRICS.OBJ
D:\ITMO\DEGREE\PROGRAMS\WFSCHED\X64\RELEASE\INTERVALS.OBJ
D:\ITMO\DEGREE\PROGRAMS\WFSCHED\X64\RELEASE\TEST.OBJ
D:\ITMO\DEGREE\PROGRAMS\WFSCHED\X64\RELEASE\SCHEDULINGFACTORY.OBJ
D:\ITMO\DEGREE\PROGRAMS\WFSCHED\X64\RELEASE\SCHEDULETOXML.OBJ
D:\ITMO\DEGREE\PROGRAMS\WFSCHED\X64\RELEASE\DATAINFO.OBJ
D:\ITMO\DEGREE\PROGRAMS\WFSCHED\X64\RELEASE\CRITERIAFACTORY.OBJ
D:\ITMO\DEGREE\PROGRAMS\WFSCHED\X64\RELEASE\WORKFLOW.OBJ
D:\ITMO\DEGREE\PROGRAMS\WFSCHED\X64\RELEASE\WFSCHED.PCH
D:\ITMO\DEGREE\PROGRAMS\WFSCHED\X64\RELEASE\STDAFX.OBJ
D:\ITMO\DEGREE\PROGRAMS\WFSCHED\X64\RELEASE\VC100.PDB
D:\ITMO\DEGREE\PROGRAMS\WFSCHED\X64\RELEASE\WFSCHED.OBJ
D:\ITMO\DEGREE\PROGRAMS\WFSCHED\X64\RELEASE\USEREXCEPTION.OBJ
D:\ITMO\DEGREE\PROGRAMS\WFSCHED\X64\RELEASE\SCHEDULINGMETHOD.OBJ
D:\ITMO\DEGREE\PROGRAMS\WFSCHED\X64\RELEASE\SCHEDULER.OBJ
D:\ITMO\DEGREE\PROGRAMS\WFSCHED\X64\RELEASE\RESOURCETYPE.OBJ
D:\ITMO\DEGREE\PROGRAMS\WFSCHED\X64\RELEASE\PACKAGE.OBJ
D:\ITMO\DEGREE\PROGRAMS\WFSCHED\X64\RELEASE\MODELINGCONTEXT.OBJ
D:\ITMO\DEGREE\PROGRAMS\WFSCHED\X64\RELEASE\GREEDY.OBJ
D:\ITMO\DEGREE\PROGRAMS\WFSCHED\X64\RELEASE\EFFICIENCY.OBJ
D:\ITMO\DEGREE\PROGRAMS\WFSCHED\X64\RELEASE\CRITERIAMETHOD.OBJ
D:\ITMO\DEGREE\PROGRAMS\WFSCHED\X64\RELEASE\CLUSTERED.OBJ
D:\ITMO\DEGREE\PROGRAMS\WFSCHED\X64\RELEASE\CLUSTER.OBJ
D:\ITMO\DEGREE\PROGRAMS\WFSCHED\X64\RELEASE\WFSCHED.EXE
D:\ITMO\DEGREE\PROGRAMS\WFSCHED\X64\RELEASE\WFSCHED.EXE.INTERMEDIATE.MANIFEST
D:\ITMO\DEGREE\PROGRAMS\WFSCHED\X64\RELEASE\WFSCHED.PDB
D:\ITMO\Degree\Programs\WFSched\x64\Release\Cluster.obj
D:\ITMO\Degree\Programs\WFSched\x64\Release\Clustered.obj
D:\ITMO\Degree\Programs\WFSched\x64\Release\CriteriaFactory.obj
D:\ITMO\Degree\Programs\WFSched\x64\Release\CriteriaMethod.obj
D:\ITMO\Degree\Programs\WFSched\x64\Release\DataInfo.obj
D:\ITMO\Degree\Programs\WFSched\x64\Release\Efficiency.obj
D:\ITMO\Degree\Programs\WFSched\x64\Release\Greedy.obj
D:\ITMO\Degree\Programs\WFSched\x64\Release\Intervals.obj
D:\ITMO\Degree\Programs\WFSched\x64\Release\Metrics.obj
D:\ITMO\Degree\Programs\WFSched\x64\Release\ModelingContext.obj
D:\ITMO\Degree\Programs\WFSched\x64\Release\Package.obj
D:\ITMO\Degree\Programs\WFSched\x64\Release\ReservedTimeCriteria.obj
D:\ITMO\Degree\Programs\WFSched\x64\Release\ResourceType.obj
D:\ITMO\Degree\Programs\WFSched\x64\Release\Scheduler.obj
D:\ITMO\Degree\Programs\WFSched\x64\Release\ScheduleToXML.obj
D:\ITMO\Degree\Programs\WFSched\x64\Release\SchedulingFactory.obj
D:\ITMO\Degree\Programs\WFSched\x64\Release\SchedulingMethod.obj
D:\ITMO\Degree\Programs\WFSched\x64\Release\stdafx.obj
D:\ITMO\Degree\Programs\WFSched\x64\Release\Test.obj
D:\ITMO\Degree\Programs\WFSched\x64\Release\UserException.obj
D:\ITMO\Degree\Programs\WFSched\x64\Release\WFSched.obj
D:\ITMO\Degree\Programs\WFSched\x64\Release\Workflow.obj
D:\ITMO\Degree\Programs\WFSched\x64\Release\cl.command.1.tlog
D:\ITMO\Degree\Programs\WFSched\x64\Release\CL.read.1.tlog
D:\ITMO\Degree\Programs\WFSched\x64\Release\CL.write.1.tlog
D:\ITMO\Degree\Programs\WFSched\x64\Release\link-cvtres.read.1.tlog
D:\ITMO\Degree\Programs\WFSched\x64\Release\link-cvtres.write.1.tlog
D:\ITMO\Degree\Programs\WFSched\x64\Release\link-rc.read.1.tlog
D:\ITMO\Degree\Programs\WFSched\x64\Release\link-rc.write.1.tlog
D:\ITMO\Degree\Programs\WFSched\x64\Release\link.command.1.tlog
D:\ITMO\Degree\Programs\WFSched\x64\Release\link.read.1.tlog
D:\ITMO\Degree\Programs\WFSched\x64\Release\link.write.1.tlog
D:\ITMO\Degree\Programs\WFSched\x64\Release\mt.command.1.tlog
D:\ITMO\Degree\Programs\WFSched\x64\Release\mt.read.1.tlog
D:\ITMO\Degree\Programs\WFSched\x64\Release\mt.write.1.tlog
D:\ITMO\Degree\Programs\WFSched\x64\Release\WFSched.exe.intermediate.manifest
D:\ITMO\Degree\Programs\WFSched\x64\Release\WFSched.pch
D:\ITMO\Degree\Programs\WFSched\x64\Release\CommCreator.pdb
D:\ITMO\Degree\Programs\WFSched\x64\Release\vc100.pdb
D:\ITMO\Degree\Programs\WFSched\x64\Release\vc110.pdb
D:\ITMO\Degree\Programs\WFSched\x64\Release\WFSched.pdb
D:\ITMO\Degree\Programs\WFSched\x64\Release\WFSched.exe
