Build started 17.09.2014 12:05:00.
     1>Project "D:\ITMO\Degree\Programs\WFSched\WFSched.vcxproj" on node 2 (Build target(s)).
     1>InitializeBuildStatus:
         Creating "x64\Release\WFSched.unsuccessfulbuild" because "AlwaysCreate" was specified.
       ClCompile:
         All outputs are up-to-date.
         C:\Program Files (x86)\Microsoft Visual Studio 10.0\VC\bin\x86_amd64\CL.exe /c /ID:\dist\boost_1_56 /Zi /nologo /W3 /WX- /O2 /Oi /GL /D WIN32 /D NDEBUG /D _CONSOLE /D _UNICODE /D UNICODE /Gm- /EHsc /MD /GS /Gy /fp:precise /Zc:wchar_t /Zc:forScope /Yu"StdAfx.h" /Fp"x64\Release\WFSched.pch" /Fo"x64\Release\\" /Fd"x64\Release\vc100.pdb" /Gd /TP /errorReport:prompt DataInfo.cpp Greedy.cpp Metrics.cpp ResourceType.cpp Scheduler.cpp Test.cpp WFSched.cpp Workflow.cpp
         DataInfo.cpp
     1>d:\itmo\degree\programs\wfsched\Package.h(26): warning C4267: 'return' : conversion from 'size_t' to 'int', possible loss of data
     1>d:\itmo\degree\programs\wfsched\Package.h(27): warning C4267: 'return' : conversion from 'size_t' to 'int', possible loss of data
     1>d:\itmo\degree\programs\wfsched\Workflow.h(36): warning C4267: 'return' : conversion from 'size_t' to 'int', possible loss of data
     1>d:\itmo\degree\programs\wfsched\Workflow.h(83): warning C4244: '=' : conversion from 'double' to 'int', possible loss of data
     1>d:\itmo\degree\programs\wfsched\DataInfo.h(61): warning C4267: 'return' : conversion from 'size_t' to 'int', possible loss of data
     1>d:\itmo\degree\programs\wfsched\DataInfo.h(62): warning C4267: 'return' : conversion from 'size_t' to 'int', possible loss of data
     1>d:\itmo\degree\programs\wfsched\DataInfo.h(101): warning C4267: 'return' : conversion from 'size_t' to 'int', possible loss of data
     1>DataInfo.cpp(81): warning C4244: '+=' : conversion from 'double' to 'int', possible loss of data
     1>DataInfo.cpp(371): warning C4244: '=' : conversion from 'double' to 'int', possible loss of data
     1>DataInfo.cpp(584): warning C4267: 'argument' : conversion from 'size_t' to 'int', possible loss of data
     1>DataInfo.cpp(786): warning C4267: 'argument' : conversion from 'size_t' to 'int', possible loss of data
     1>DataInfo.cpp(1110): warning C4267: 'argument' : conversion from 'size_t' to 'int', possible loss of data
     1>DataInfo.cpp(1356): warning C4244: 'return' : conversion from '__int64' to 'int', possible loss of data
     1>DataInfo.cpp(1433): warning C4267: 'argument' : conversion from 'size_t' to 'int', possible loss of data
     1>DataInfo.cpp(1534): warning C4267: '=' : conversion from 'size_t' to 'int', possible loss of data
         Greedy.cpp
     1>d:\itmo\degree\programs\wfsched\Package.h(26): warning C4267: 'return' : conversion from 'size_t' to 'int', possible loss of data
     1>d:\itmo\degree\programs\wfsched\Package.h(27): warning C4267: 'return' : conversion from 'size_t' to 'int', possible loss of data
     1>d:\itmo\degree\programs\wfsched\Workflow.h(36): warning C4267: 'return' : conversion from 'size_t' to 'int', possible loss of data
     1>d:\itmo\degree\programs\wfsched\Workflow.h(83): warning C4244: '=' : conversion from 'double' to 'int', possible loss of data
     1>d:\itmo\degree\programs\wfsched\DataInfo.h(61): warning C4267: 'return' : conversion from 'size_t' to 'int', possible loss of data
     1>d:\itmo\degree\programs\wfsched\DataInfo.h(62): warning C4267: 'return' : conversion from 'size_t' to 'int', possible loss of data
     1>d:\itmo\degree\programs\wfsched\DataInfo.h(101): warning C4267: 'return' : conversion from 'size_t' to 'int', possible loss of data
     1>Greedy.cpp(151): warning C4244: 'initializing' : conversion from 'double' to 'int', possible loss of data
         Metrics.cpp
     1>d:\itmo\degree\programs\wfsched\Package.h(26): warning C4267: 'return' : conversion from 'size_t' to 'int', possible loss of data
     1>d:\itmo\degree\programs\wfsched\Package.h(27): warning C4267: 'return' : conversion from 'size_t' to 'int', possible loss of data
     1>d:\itmo\degree\programs\wfsched\Workflow.h(36): warning C4267: 'return' : conversion from 'size_t' to 'int', possible loss of data
     1>d:\itmo\degree\programs\wfsched\Workflow.h(83): warning C4244: '=' : conversion from 'double' to 'int', possible loss of data
     1>d:\itmo\degree\programs\wfsched\DataInfo.h(61): warning C4267: 'return' : conversion from 'size_t' to 'int', possible loss of data
     1>d:\itmo\degree\programs\wfsched\DataInfo.h(62): warning C4267: 'return' : conversion from 'size_t' to 'int', possible loss of data
     1>d:\itmo\degree\programs\wfsched\DataInfo.h(101): warning C4267: 'return' : conversion from 'size_t' to 'int', possible loss of data
     1>Metrics.cpp(81): warning C4267: 'argument' : conversion from 'size_t' to 'int', possible loss of data
     1>Metrics.cpp(83): warning C4267: 'argument' : conversion from 'size_t' to 'const int', possible loss of data
     1>Metrics.cpp(84): warning C4267: 'argument' : conversion from 'size_t' to 'int', possible loss of data
     1>Metrics.cpp(87): warning C4267: 'argument' : conversion from 'size_t' to 'int', possible loss of data
     1>Metrics.cpp(91): warning C4267: 'argument' : conversion from 'size_t' to 'int', possible loss of data
         ResourceType.cpp
         Scheduler.cpp
     1>d:\itmo\degree\programs\wfsched\Package.h(26): warning C4267: 'return' : conversion from 'size_t' to 'int', possible loss of data
     1>d:\itmo\degree\programs\wfsched\Package.h(27): warning C4267: 'return' : conversion from 'size_t' to 'int', possible loss of data
     1>d:\itmo\degree\programs\wfsched\Workflow.h(36): warning C4267: 'return' : conversion from 'size_t' to 'int', possible loss of data
     1>d:\itmo\degree\programs\wfsched\Workflow.h(83): warning C4244: '=' : conversion from 'double' to 'int', possible loss of data
     1>d:\itmo\degree\programs\wfsched\DataInfo.h(61): warning C4267: 'return' : conversion from 'size_t' to 'int', possible loss of data
     1>d:\itmo\degree\programs\wfsched\DataInfo.h(62): warning C4267: 'return' : conversion from 'size_t' to 'int', possible loss of data
     1>d:\itmo\degree\programs\wfsched\DataInfo.h(101): warning C4267: 'return' : conversion from 'size_t' to 'int', possible loss of data
     1>d:\itmo\degree\programs\wfsched\Cluster.h(25): warning C4267: 'return' : conversion from 'size_t' to 'int', possible loss of data
     1>d:\itmo\degree\programs\wfsched\Cluster.h(28): warning C4244: 'return' : conversion from 'double' to 'int', possible loss of data
     1>d:\itmo\degree\programs\wfsched\Cluster.h(29): warning C4244: 'return' : conversion from 'double' to 'int', possible loss of data
     1>d:\itmo\degree\programs\wfsched\Cluster.h(30): warning C4244: 'return' : conversion from 'double' to 'int', possible loss of data
     1>d:\itmo\degree\programs\wfsched\Cluster.h(31): warning C4244: 'return' : conversion from 'double' to 'int', possible loss of data
         Test.cpp
     1>d:\itmo\degree\programs\wfsched\Package.h(26): warning C4267: 'return' : conversion from 'size_t' to 'int', possible loss of data
     1>d:\itmo\degree\programs\wfsched\Package.h(27): warning C4267: 'return' : conversion from 'size_t' to 'int', possible loss of data
     1>d:\itmo\degree\programs\wfsched\Workflow.h(36): warning C4267: 'return' : conversion from 'size_t' to 'int', possible loss of data
     1>d:\itmo\degree\programs\wfsched\Workflow.h(83): warning C4244: '=' : conversion from 'double' to 'int', possible loss of data
     1>d:\itmo\degree\programs\wfsched\DataInfo.h(61): warning C4267: 'return' : conversion from 'size_t' to 'int', possible loss of data
     1>d:\itmo\degree\programs\wfsched\DataInfo.h(62): warning C4267: 'return' : conversion from 'size_t' to 'int', possible loss of data
     1>d:\itmo\degree\programs\wfsched\DataInfo.h(101): warning C4267: 'return' : conversion from 'size_t' to 'int', possible loss of data
     1>Test.cpp(30): warning C4244: 'initializing' : conversion from 'double' to 'int', possible loss of data
         WFSched.cpp
     1>d:\itmo\degree\programs\wfsched\Package.h(26): warning C4267: 'return' : conversion from 'size_t' to 'int', possible loss of data
     1>d:\itmo\degree\programs\wfsched\Package.h(27): warning C4267: 'return' : conversion from 'size_t' to 'int', possible loss of data
     1>d:\itmo\degree\programs\wfsched\Workflow.h(36): warning C4267: 'return' : conversion from 'size_t' to 'int', possible loss of data
     1>d:\itmo\degree\programs\wfsched\Workflow.h(83): warning C4244: '=' : conversion from 'double' to 'int', possible loss of data
     1>d:\itmo\degree\programs\wfsched\DataInfo.h(61): warning C4267: 'return' : conversion from 'size_t' to 'int', possible loss of data
     1>d:\itmo\degree\programs\wfsched\DataInfo.h(62): warning C4267: 'return' : conversion from 'size_t' to 'int', possible loss of data
     1>d:\itmo\degree\programs\wfsched\DataInfo.h(101): warning C4267: 'return' : conversion from 'size_t' to 'int', possible loss of data
     1>WFSched.cpp(45): warning C4996: 'chdir': The POSIX name for this item is deprecated. Instead, use the ISO C++ conformant name: _chdir. See online help for details.
                 C:\Program Files (x86)\Microsoft Visual Studio 10.0\VC\include\direct.h(123) : see declaration of 'chdir'
     1>WFSched.cpp(56): warning C4996: 'strerror': This function or variable may be unsafe. Consider using strerror_s instead. To disable deprecation, use _CRT_SECURE_NO_WARNINGS. See online help for details.
                 C:\Program Files (x86)\Microsoft Visual Studio 10.0\VC\include\string.h(157) : see declaration of 'strerror'
         Workflow.cpp
     1>d:\itmo\degree\programs\wfsched\Package.h(26): warning C4267: 'return' : conversion from 'size_t' to 'int', possible loss of data
     1>d:\itmo\degree\programs\wfsched\Package.h(27): warning C4267: 'return' : conversion from 'size_t' to 'int', possible loss of data
     1>d:\itmo\degree\programs\wfsched\Workflow.h(36): warning C4267: 'return' : conversion from 'size_t' to 'int', possible loss of data
     1>d:\itmo\degree\programs\wfsched\Workflow.h(83): warning C4244: '=' : conversion from 'double' to 'int', possible loss of data
     1>Workflow.cpp(14): warning C4244: '=' : conversion from 'double' to 'int', possible loss of data
     1>Workflow.cpp(25): warning C4244: '=' : conversion from 'double' to 'int', possible loss of data
     1>Workflow.cpp(31): warning C4267: 'initializing' : conversion from 'size_t' to 'int', possible loss of data
     1>Workflow.cpp(36): warning C4267: 'argument' : conversion from 'size_t' to 'unsigned int', possible loss of data
     1>Workflow.cpp(36): warning C4267: 'argument' : conversion from 'size_t' to 'unsigned int', possible loss of data
     1>Workflow.cpp(123): warning C4267: 'argument' : conversion from 'size_t' to 'const int', possible loss of data
     1>Workflow.cpp(139): warning C4267: 'argument' : conversion from 'size_t' to 'const int', possible loss of data
     1>Workflow.cpp(210): warning C4267: 'initializing' : conversion from 'size_t' to 'int', possible loss of data
     1>Workflow.cpp(311): warning C4267: 'argument' : conversion from 'size_t' to 'unsigned int', possible loss of data
     1>C:\Program Files (x86)\Microsoft Visual Studio 10.0\VC\include\utility(163): warning C4267: 'initializing' : conversion from 'size_t' to 'int', possible loss of data
                 C:\Program Files (x86)\Microsoft Visual Studio 10.0\VC\include\utility(255) : see reference to function template instantiation 'std::_Pair_base<_Ty1,_Ty2>::_Pair_base<_Ty,double>(_Other1 &&,_Other2 &&)' being compiled
                 with
                 [
                     _Ty1=int,
                     _Ty2=double,
                     _Ty=unsigned __int64,
                     _Other1=unsigned __int64,
                     _Other2=double
                 ]
                 C:\Program Files (x86)\Microsoft Visual Studio 10.0\VC\include\xmemory(208) : see reference to function template instantiation 'std::pair<_Ty1,_Ty2>::pair<unsigned __int64,double>(std::pair<unsigned __int64,_Ty2> &&)' being compiled
                 with
                 [
                     _Ty1=int,
                     _Ty2=double
                 ]
                 C:\Program Files (x86)\Microsoft Visual Studio 10.0\VC\include\xmemory(280) : see reference to function template instantiation 'void std::allocator<_Ty>::construct<std::pair<_Ty1,_Ty2>>(std::pair<int,_Ty2> *,_Other &&)' being compiled
                 with
                 [
                     _Ty=std::pair<int,double>,
                     _Ty1=unsigned __int64,
                     _Ty2=double,
                     _Other=std::pair<unsigned __int64,double>
                 ]
                 C:\Program Files (x86)\Microsoft Visual Studio 10.0\VC\include\list(550) : see reference to function template instantiation 'void std::_Cons_val<std::allocator<_Ty>,_Ty,std::pair<_Ty1,_Ty2>>(_Alloc &,std::pair<int,_Ty2> *,std::pair<_Ty1,_Ty2> &&)' being compiled
                 with
                 [
                     _Ty=std::pair<int,double>,
                     _Ty1=unsigned __int64,
                     _Ty2=double,
                     _Alloc=std::allocator<std::pair<int,double>>
                 ]
                 C:\Program Files (x86)\Microsoft Visual Studio 10.0\VC\include\list(757) : see reference to function template instantiation 'std::_List_nod<_Ty,_Alloc>::_Node *std::_List_val<_Ty,_Alloc>::_Buynode<std::pair<_Ty1,_Ty2>>(std::_List_nod<_Ty,_Alloc>::_Node *,std::_List_nod<_Ty,_Alloc>::_Node *,_Valty &&)' being compiled
                 with
                 [
                     _Ty=std::pair<int,double>,
                     _Alloc=std::allocator<std::pair<int,double>>,
                     _Ty1=unsigned __int64,
                     _Ty2=double,
                     _Valty=std::pair<unsigned __int64,double>
                 ]
                 C:\Program Files (x86)\Microsoft Visual Studio 10.0\VC\include\list(741) : see reference to function template instantiation 'void std::list<_Ty>::_Insert_rv<std::pair<_Ty1,_Ty2>>(std::_List_const_iterator<_Mylist>,_Valty &&)' being compiled
                 with
                 [
                     _Ty=std::pair<int,double>,
                     _Ty1=unsigned __int64,
                     _Ty2=double,
                     _Mylist=std::_List_val<std::pair<int,double>,std::allocator<std::pair<int,double>>>,
                     _Valty=std::pair<unsigned __int64,double>
                 ]
                 C:\Program Files (x86)\Microsoft Visual Studio 10.0\VC\include\list(735) : see reference to function template instantiation 'std::_List_iterator<_Mylist> std::list<_Ty>::emplace<std::pair<_Ty1,_Ty2>>(std::_List_const_iterator<_Mylist>,_Valty &&)' being compiled
                 with
                 [
                     _Mylist=std::_List_val<std::pair<int,double>,std::allocator<std::pair<int,double>>>,
                     _Ty=std::pair<int,double>,
                     _Ty1=unsigned __int64,
                     _Ty2=double,
                     _Valty=std::pair<unsigned __int64,double>
                 ]
                 Workflow.cpp(353) : see reference to function template instantiation 'std::_List_iterator<_Mylist> std::list<_Ty>::insert<std::pair<_Ty1,_Ty2>>(std::_List_const_iterator<_Mylist>,_Valty &&)' being compiled
                 with
                 [
                     _Mylist=std::_List_val<std::pair<int,double>,std::allocator<std::pair<int,double>>>,
                     _Ty=std::pair<int,double>,
                     _Ty1=unsigned __int64,
                     _Ty2=double,
                     _Valty=std::pair<unsigned __int64,double>
                 ]
       Link:
         C:\Program Files (x86)\Microsoft Visual Studio 10.0\VC\bin\x86_amd64\link.exe /ERRORREPORT:PROMPT /OUT:"D:\ITMO\Degree\Programs\WFSched\x64\Release\WFSched.exe" /INCREMENTAL:NO /NOLOGO /LIBPATH:"D:\dist\boost_1_56\lib64-msvc-10.0" /LIBPATH:D:\dist\boost_1_56\libs /LIBPATH:"(AdditionalLibraryDirectories)" kernel32.lib user32.lib gdi32.lib winspool.lib comdlg32.lib advapi32.lib shell32.lib ole32.lib oleaut32.lib uuid.lib odbc32.lib odbccp32.lib /MANIFEST /ManifestFile:"x64\Release\WFSched.exe.intermediate.manifest" /MANIFESTUAC:"level='asInvoker' uiAccess='false'" /DEBUG /PDB:"D:\ITMO\Degree\Programs\WFSched\x64\Release\WFSched.pdb" /SUBSYSTEM:CONSOLE /OPT:REF /OPT:ICF /LTCG /TLBID:1 /DYNAMICBASE /NXCOMPAT /IMPLIB:"D:\ITMO\Degree\Programs\WFSched\x64\Release\WFSched.lib" /MACHINE:X64 x64\Release\Cluster.obj
         x64\Release\Clustered.obj
         x64\Release\CriteriaFactory.obj
         x64\Release\CriteriaMethod.obj
         x64\Release\DataInfo.obj
         x64\Release\Efficiency.obj
         x64\Release\Greedy.obj
         x64\Release\Intervals.obj
         x64\Release\Metrics.obj
         x64\Release\ModelingContext.obj
         x64\Release\Package.obj
         x64\Release\ReservedTimeCriteria.obj
         x64\Release\ResourceType.obj
         x64\Release\Scheduler.obj
         x64\Release\ScheduleToXML.obj
         x64\Release\SchedulingFactory.obj
         x64\Release\SchedulingMethod.obj
         x64\Release\stdafx.obj
         x64\Release\Test.obj
         x64\Release\UserException.obj
         x64\Release\WFSched.obj
         x64\Release\Workflow.obj
         Generating code
         Finished generating code
         WFSched.vcxproj -> D:\ITMO\Degree\Programs\WFSched\x64\Release\WFSched.exe
       Manifest:
         C:\Program Files (x86)\Microsoft SDKs\Windows\v7.0A\bin\mt.exe /nologo /verbose /outputresource:"D:\ITMO\Degree\Programs\WFSched\x64\Release\WFSched.exe;#1" /manifest x64\Release\WFSched.exe.intermediate.manifest
       FinalizeBuildStatus:
         Deleting file "x64\Release\WFSched.unsuccessfulbuild".
         Touching "x64\Release\WFSched.lastbuildstate".
     1>Done Building Project "D:\ITMO\Degree\Programs\WFSched\WFSched.vcxproj" (Build target(s)).

Build succeeded.

Time Elapsed 00:00:16.27
