D:\ITMO\DEGREE\PROGRAMS\WFSCHED\X64\DEBUG\WFSCHED.PCH
D:\ITMO\DEGREE\PROGRAMS\WFSCHED\X64\DEBUG\STDAFX.OBJ
D:\ITMO\DEGREE\PROGRAMS\WFSCHED\X64\DEBUG\VC100.PDB
D:\ITMO\DEGREE\PROGRAMS\WFSCHED\X64\DEBUG\CLUSTERED.OBJ
D:\ITMO\DEGREE\PROGRAMS\WFSCHED\X64\DEBUG\CRITERIAFACTORY.OBJ
D:\ITMO\DEGREE\PROGRAMS\WFSCHED\X64\DEBUG\CRITERIAMETHOD.OBJ
D:\ITMO\DEGREE\PROGRAMS\WFSCHED\X64\DEBUG\EFFICIENCY.OBJ
D:\ITMO\DEGREE\PROGRAMS\WFSCHED\X64\DEBUG\GREEDY.OBJ
D:\ITMO\DEGREE\PROGRAMS\WFSCHED\X64\DEBUG\INTERVALS.OBJ
D:\ITMO\DEGREE\PROGRAMS\WFSCHED\X64\DEBUG\METRICS.OBJ
D:\ITMO\DEGREE\PROGRAMS\WFSCHED\X64\DEBUG\MODELINGCONTEXT.OBJ
D:\ITMO\DEGREE\PROGRAMS\WFSCHED\X64\DEBUG\RESERVEDTIMECRITERIA.OBJ
D:\ITMO\DEGREE\PROGRAMS\WFSCHED\X64\DEBUG\RESOURCETYPE.OBJ
D:\ITMO\DEGREE\PROGRAMS\WFSCHED\X64\DEBUG\SCHEDULER.OBJ
D:\ITMO\DEGREE\PROGRAMS\WFSCHED\X64\DEBUG\SCHEDULETOXML.OBJ
D:\ITMO\DEGREE\PROGRAMS\WFSCHED\X64\DEBUG\SCHEDULINGFACTORY.OBJ
D:\ITMO\DEGREE\PROGRAMS\WFSCHED\X64\DEBUG\SCHEDULINGMETHOD.OBJ
D:\ITMO\DEGREE\PROGRAMS\WFSCHED\X64\DEBUG\TEST.OBJ
D:\ITMO\DEGREE\PROGRAMS\WFSCHED\X64\DEBUG\USEREXCEPTION.OBJ
D:\ITMO\DEGREE\PROGRAMS\WFSCHED\X64\DEBUG\WFSCHED.OBJ
D:\ITMO\DEGREE\PROGRAMS\WFSCHED\X64\DEBUG\CLUSTER.OBJ
D:\ITMO\DEGREE\PROGRAMS\WFSCHED\X64\DEBUG\DATAINFO.OBJ
D:\ITMO\DEGREE\PROGRAMS\WFSCHED\X64\DEBUG\PACKAGE.OBJ
D:\ITMO\DEGREE\PROGRAMS\WFSCHED\X64\DEBUG\WORKFLOW.OBJ
D:\ITMO\DEGREE\PROGRAMS\WFSCHED\X64\DEBUG\WFSCHED.ILK
D:\ITMO\DEGREE\PROGRAMS\WFSCHED\X64\DEBUG\WFSCHED.EXE
D:\ITMO\DEGREE\PROGRAMS\WFSCHED\X64\DEBUG\WFSCHED.EXE.INTERMEDIATE.MANIFEST
D:\ITMO\DEGREE\PROGRAMS\WFSCHED\X64\DEBUG\WFSCHED.PDB
D:\ITMO\DEGREE\PROGRAMS\WFSCHED\X64\DEBUG\WFSCHED.EXE.EMBED.MANIFEST
D:\ITMO\DEGREE\PROGRAMS\WFSCHED\X64\DEBUG\WFSCHED.EXE.EMBED.MANIFEST.RES
D:\ITMO\Degree\Programs\WFSched\x64\Debug\Cluster.obj
D:\ITMO\Degree\Programs\WFSched\x64\Debug\Clustered.obj
D:\ITMO\Degree\Programs\WFSched\x64\Debug\CriteriaFactory.obj
D:\ITMO\Degree\Programs\WFSched\x64\Debug\CriteriaMethod.obj
D:\ITMO\Degree\Programs\WFSched\x64\Debug\DataInfo.obj
D:\ITMO\Degree\Programs\WFSched\x64\Debug\Efficiency.obj
D:\ITMO\Degree\Programs\WFSched\x64\Debug\Greedy.obj
D:\ITMO\Degree\Programs\WFSched\x64\Debug\Intervals.obj
D:\ITMO\Degree\Programs\WFSched\x64\Debug\Metrics.obj
D:\ITMO\Degree\Programs\WFSched\x64\Debug\ModelingContext.obj
D:\ITMO\Degree\Programs\WFSched\x64\Debug\Package.obj
D:\ITMO\Degree\Programs\WFSched\x64\Debug\ReservedTimeCriteria.obj
D:\ITMO\Degree\Programs\WFSched\x64\Debug\ResourceType.obj
D:\ITMO\Degree\Programs\WFSched\x64\Debug\Scheduler.obj
D:\ITMO\Degree\Programs\WFSched\x64\Debug\ScheduleToXML.obj
D:\ITMO\Degree\Programs\WFSched\x64\Debug\SchedulingFactory.obj
D:\ITMO\Degree\Programs\WFSched\x64\Debug\SchedulingMethod.obj
D:\ITMO\Degree\Programs\WFSched\x64\Debug\stdafx.obj
D:\ITMO\Degree\Programs\WFSched\x64\Debug\Test.obj
D:\ITMO\Degree\Programs\WFSched\x64\Debug\UserException.obj
D:\ITMO\Degree\Programs\WFSched\x64\Debug\WFSched.obj
D:\ITMO\Degree\Programs\WFSched\x64\Debug\Workflow.obj
D:\ITMO\Degree\Programs\WFSched\x64\Debug\WFSched.ilk
D:\ITMO\Degree\Programs\WFSched\x64\Debug\cl.command.1.tlog
D:\ITMO\Degree\Programs\WFSched\x64\Debug\CL.read.1.tlog
D:\ITMO\Degree\Programs\WFSched\x64\Debug\CL.write.1.tlog
D:\ITMO\Degree\Programs\WFSched\x64\Debug\link-cvtres.read.1.tlog
D:\ITMO\Degree\Programs\WFSched\x64\Debug\link-cvtres.write.1.tlog
D:\ITMO\Degree\Programs\WFSched\x64\Debug\link.4176-cvtres.read.1.tlog
D:\ITMO\Degree\Programs\WFSched\x64\Debug\link.4176-cvtres.write.1.tlog
D:\ITMO\Degree\Programs\WFSched\x64\Debug\link.4176.read.1.tlog
D:\ITMO\Degree\Programs\WFSched\x64\Debug\link.4176.write.1.tlog
D:\ITMO\Degree\Programs\WFSched\x64\Debug\link.6288-cvtres.read.1.tlog
D:\ITMO\Degree\Programs\WFSched\x64\Debug\link.6288-cvtres.write.1.tlog
D:\ITMO\Degree\Programs\WFSched\x64\Debug\link.6288.read.1.tlog
D:\ITMO\Degree\Programs\WFSched\x64\Debug\link.6288.write.1.tlog
D:\ITMO\Degree\Programs\WFSched\x64\Debug\link.6472-cvtres.read.1.tlog
D:\ITMO\Degree\Programs\WFSched\x64\Debug\link.6472-cvtres.write.1.tlog
D:\ITMO\Degree\Programs\WFSched\x64\Debug\link.6472.read.1.tlog
D:\ITMO\Degree\Programs\WFSched\x64\Debug\link.6472.write.1.tlog
D:\ITMO\Degree\Programs\WFSched\x64\Debug\link.7924-cvtres.read.1.tlog
D:\ITMO\Degree\Programs\WFSched\x64\Debug\link.7924-cvtres.write.1.tlog
D:\ITMO\Degree\Programs\WFSched\x64\Debug\link.7924.read.1.tlog
D:\ITMO\Degree\Programs\WFSched\x64\Debug\link.7924.write.1.tlog
D:\ITMO\Degree\Programs\WFSched\x64\Debug\link.8492-cvtres.read.1.tlog
D:\ITMO\Degree\Programs\WFSched\x64\Debug\link.8492-cvtres.write.1.tlog
D:\ITMO\Degree\Programs\WFSched\x64\Debug\link.8492.read.1.tlog
D:\ITMO\Degree\Programs\WFSched\x64\Debug\link.8492.write.1.tlog
D:\ITMO\Degree\Programs\WFSched\x64\Debug\link.command.1.tlog
D:\ITMO\Degree\Programs\WFSched\x64\Debug\link.read.1.tlog
D:\ITMO\Degree\Programs\WFSched\x64\Debug\link.write.1.tlog
D:\ITMO\Degree\Programs\WFSched\x64\Debug\mt.command.1.tlog
D:\ITMO\Degree\Programs\WFSched\x64\Debug\mt.read.1.tlog
D:\ITMO\Degree\Programs\WFSched\x64\Debug\mt.write.1.tlog
D:\ITMO\Degree\Programs\WFSched\x64\Debug\rc.command.1.tlog
D:\ITMO\Degree\Programs\WFSched\x64\Debug\rc.read.1.tlog
D:\ITMO\Degree\Programs\WFSched\x64\Debug\rc.write.1.tlog
D:\ITMO\Degree\Programs\WFSched\x64\Debug\WFSched.exe.embed.manifest
D:\ITMO\Degree\Programs\WFSched\x64\Debug\WFSched.exe.intermediate.manifest
D:\ITMO\Degree\Programs\WFSched\x64\Debug\WFSched.exe.embed.manifest.res
D:\ITMO\Degree\Programs\WFSched\x64\Debug\WFSched.pch
D:\ITMO\Degree\Programs\WFSched\x64\Debug\vc100.idb
D:\ITMO\Degree\Programs\WFSched\x64\Debug\vc100.pdb
D:\ITMO\Degree\Programs\WFSched\x64\Debug\WFSched.pdb
D:\ITMO\Degree\Programs\WFSched\x64\Debug\WFSched_manifest.rc
D:\ITMO\Degree\Programs\WFSched\x64\Debug\WFSched.exe
