Build started 17.09.2014 11:32:57.
     1>Project "D:\ITMO\Degree\Programs\WFSched\WFSched.vcxproj" on node 2 (Build target(s)).
     1>InitializeBuildStatus:
         Creating "x64\Debug\WFSched.unsuccessfulbuild" because "AlwaysCreate" was specified.
       ClCompile:
         All outputs are up-to-date.
         C:\Program Files (x86)\Microsoft Visual Studio 10.0\VC\bin\x86_amd64\CL.exe /c /ID:\dist\boost_1_56 /Zi /nologo /W3 /WX- /Od /D WIN32 /D _DEBUG /D _CONSOLE /D _UNICODE /D UNICODE /Gm /EHsc /RTC1 /MDd /GS /fp:precise /Zc:wchar_t /Zc:forScope /Yu"StdAfx.h" /Fp"x64\Debug\WFSched.pch" /Fo"x64\Debug\\" /Fd"x64\Debug\vc100.pdb" /Gd /TP /errorReport:prompt DataInfo.cpp Test.cpp
         Test.cpp
     1>d:\itmo\degree\programs\wfsched\Package.h(26): warning C4267: 'return' : conversion from 'size_t' to 'int', possible loss of data
     1>d:\itmo\degree\programs\wfsched\Package.h(27): warning C4267: 'return' : conversion from 'size_t' to 'int', possible loss of data
     1>d:\itmo\degree\programs\wfsched\Workflow.h(36): warning C4267: 'return' : conversion from 'size_t' to 'int', possible loss of data
     1>d:\itmo\degree\programs\wfsched\Workflow.h(83): warning C4244: '=' : conversion from 'double' to 'int', possible loss of data
     1>d:\itmo\degree\programs\wfsched\DataInfo.h(61): warning C4267: 'return' : conversion from 'size_t' to 'int', possible loss of data
     1>d:\itmo\degree\programs\wfsched\DataInfo.h(62): warning C4267: 'return' : conversion from 'size_t' to 'int', possible loss of data
     1>d:\itmo\degree\programs\wfsched\DataInfo.h(101): warning C4267: 'return' : conversion from 'size_t' to 'int', possible loss of data
     1>Test.cpp(30): warning C4244: 'initializing' : conversion from 'double' to 'int', possible loss of data
         DataInfo.cpp
     1>d:\itmo\degree\programs\wfsched\Package.h(26): warning C4267: 'return' : conversion from 'size_t' to 'int', possible loss of data
     1>d:\itmo\degree\programs\wfsched\Package.h(27): warning C4267: 'return' : conversion from 'size_t' to 'int', possible loss of data
     1>d:\itmo\degree\programs\wfsched\Workflow.h(36): warning C4267: 'return' : conversion from 'size_t' to 'int', possible loss of data
     1>d:\itmo\degree\programs\wfsched\Workflow.h(83): warning C4244: '=' : conversion from 'double' to 'int', possible loss of data
     1>d:\itmo\degree\programs\wfsched\DataInfo.h(61): warning C4267: 'return' : conversion from 'size_t' to 'int', possible loss of data
     1>d:\itmo\degree\programs\wfsched\DataInfo.h(62): warning C4267: 'return' : conversion from 'size_t' to 'int', possible loss of data
     1>d:\itmo\degree\programs\wfsched\DataInfo.h(101): warning C4267: 'return' : conversion from 'size_t' to 'int', possible loss of data
     1>DataInfo.cpp(81): warning C4244: '+=' : conversion from 'double' to 'int', possible loss of data
     1>DataInfo.cpp(371): warning C4244: '=' : conversion from 'double' to 'int', possible loss of data
     1>DataInfo.cpp(584): warning C4267: 'argument' : conversion from 'size_t' to 'int', possible loss of data
     1>DataInfo.cpp(786): warning C4267: 'argument' : conversion from 'size_t' to 'int', possible loss of data
     1>DataInfo.cpp(1110): warning C4267: 'argument' : conversion from 'size_t' to 'int', possible loss of data
     1>DataInfo.cpp(1356): warning C4244: 'return' : conversion from '__int64' to 'int', possible loss of data
     1>DataInfo.cpp(1433): warning C4267: 'argument' : conversion from 'size_t' to 'int', possible loss of data
     1>DataInfo.cpp(1534): warning C4267: '=' : conversion from 'size_t' to 'int', possible loss of data
         Generating Code...
       ManifestResourceCompile:
         All outputs are up-to-date.
       Link:
         C:\Program Files (x86)\Microsoft Visual Studio 10.0\VC\bin\x86_amd64\link.exe /ERRORREPORT:PROMPT /OUT:"D:\ITMO\Degree\Programs\WFSched\x64\Debug\WFSched.exe" /INCREMENTAL /NOLOGO /LIBPATH:"D:\dist\boost_1_56\lib64-msvc-10.0" /LIBPATH:D:\dist\boost_1_56\libs kernel32.lib user32.lib gdi32.lib winspool.lib comdlg32.lib advapi32.lib shell32.lib ole32.lib oleaut32.lib uuid.lib odbc32.lib odbccp32.lib /MANIFEST /ManifestFile:"x64\Debug\WFSched.exe.intermediate.manifest" /MANIFESTUAC:"level='asInvoker' uiAccess='false'" /DEBUG /PDB:"D:\ITMO\Degree\Programs\WFSched\x64\Debug\WFSched.pdb" /SUBSYSTEM:CONSOLE /TLBID:1 /DYNAMICBASE /NXCOMPAT /IMPLIB:"D:\ITMO\Degree\Programs\WFSched\x64\Debug\WFSched.lib" /MACHINE:X64 x64\Debug\WFSched.exe.embed.manifest.res
         x64\Debug\Cluster.obj
         x64\Debug\Clustered.obj
         x64\Debug\CriteriaFactory.obj
         x64\Debug\CriteriaMethod.obj
         x64\Debug\DataInfo.obj
         x64\Debug\Efficiency.obj
         x64\Debug\Greedy.obj
         x64\Debug\Intervals.obj
         x64\Debug\Metrics.obj
         x64\Debug\ModelingContext.obj
         x64\Debug\Package.obj
         x64\Debug\ReservedTimeCriteria.obj
         x64\Debug\ResourceType.obj
         x64\Debug\Scheduler.obj
         x64\Debug\ScheduleToXML.obj
         x64\Debug\SchedulingFactory.obj
         x64\Debug\SchedulingMethod.obj
         x64\Debug\stdafx.obj
         x64\Debug\Test.obj
         x64\Debug\UserException.obj
         x64\Debug\WFSched.obj
         x64\Debug\Workflow.obj
         WFSched.vcxproj -> D:\ITMO\Degree\Programs\WFSched\x64\Debug\WFSched.exe
       Manifest:
         C:\Program Files (x86)\Microsoft SDKs\Windows\v7.0A\bin\mt.exe /nologo /verbose /out:"x64\Debug\WFSched.exe.embed.manifest" /manifest x64\Debug\WFSched.exe.intermediate.manifest
         All outputs are up-to-date.
       LinkEmbedManifest:
         All outputs are up-to-date.
         WFSched.vcxproj -> D:\ITMO\Degree\Programs\WFSched\x64\Debug\WFSched.exe
       FinalizeBuildStatus:
         Deleting file "x64\Debug\WFSched.unsuccessfulbuild".
         Touching "x64\Debug\WFSched.lastbuildstate".
     1>Done Building Project "D:\ITMO\Degree\Programs\WFSched\WFSched.vcxproj" (Build target(s)).

Build succeeded.

Time Elapsed 00:00:06.38
