Build started 08.09.2014 15:26:27.
     1>Project "D:\ITMO\Degree\Programs\WFSched\CommCreator\CommCreator.vcxproj" on node 2 (Build target(s)).
     1>InitializeBuildStatus:
         Creating "x64\Debug\CommCreator.unsuccessfulbuild" because "AlwaysCreate" was specified.
       ClCompile:
         All outputs are up-to-date.
         C:\Program Files (x86)\Microsoft Visual Studio 10.0\VC\bin\x86_amd64\CL.exe /c /ID:\dist\boost_1_56 /Zi /nologo /W3 /WX- /Od /D WIN32 /D _DEBUG /D _CONSOLE /D _MBCS /Gm /EHsc /RTC1 /MDd /GS /fp:precise /Zc:wchar_t /Zc:forScope /Yu"StdAfx.h" /Fp"x64\Debug\CommCreator.pch" /Fo"x64\Debug\\" /Fd"x64\Debug\vc100.pdb" /Gd /TP /errorReport:prompt CommCreator.cpp
         CommCreator.cpp
     1>CommCreator.cpp(281): warning C4267: '=' : conversion from 'size_t' to 'int', possible loss of data
     1>CommCreator.cpp(494): warning C4267: 'initializing' : conversion from 'size_t' to 'int', possible loss of data
       ManifestResourceCompile:
         All outputs are up-to-date.
       Link:
         C:\Program Files (x86)\Microsoft Visual Studio 10.0\VC\bin\x86_amd64\link.exe /ERRORREPORT:PROMPT /OUT:"D:\ITMO\Degree\Programs\WFSched\x64\Debug\CommCreator.exe" /INCREMENTAL /NOLOGO /LIBPATH:"D:\dist\boost_1_56\lib64-msvc-10.0" /LIBPATH:D:\dist\boost_1_56\libs ws2_32.lib kernel32.lib user32.lib gdi32.lib winspool.lib comdlg32.lib advapi32.lib shell32.lib ole32.lib oleaut32.lib uuid.lib odbc32.lib odbccp32.lib kernel32.lib user32.lib gdi32.lib winspool.lib comdlg32.lib advapi32.lib shell32.lib ole32.lib oleaut32.lib uuid.lib odbc32.lib odbccp32.lib /MANIFEST /ManifestFile:"x64\Debug\CommCreator.exe.intermediate.manifest" /MANIFESTUAC:"level='asInvoker' uiAccess='false'" /DEBUG /PDB:"D:\ITMO\Degree\Programs\WFSched\x64\Debug\CommCreator.pdb" /SUBSYSTEM:CONSOLE /TLBID:1 /DYNAMICBASE /NXCOMPAT /IMPLIB:"D:\ITMO\Degree\Programs\WFSched\x64\Debug\CommCreator.lib" /MACHINE:X64 x64\Debug\CommCreator.exe.embed.manifest.res
         x64\Debug\CommCreator.obj
         x64\Debug\stdafx.obj
         CommCreator.vcxproj -> D:\ITMO\Degree\Programs\WFSched\x64\Debug\CommCreator.exe
       Manifest:
         C:\Program Files (x86)\Microsoft SDKs\Windows\v7.0A\bin\mt.exe /nologo /verbose /out:"x64\Debug\CommCreator.exe.embed.manifest" /manifest x64\Debug\CommCreator.exe.intermediate.manifest
         All outputs are up-to-date.
       LinkEmbedManifest:
         All outputs are up-to-date.
         CommCreator.vcxproj -> D:\ITMO\Degree\Programs\WFSched\x64\Debug\CommCreator.exe
       FinalizeBuildStatus:
         Deleting file "x64\Debug\CommCreator.unsuccessfulbuild".
         Touching "x64\Debug\CommCreator.lastbuildstate".
     1>Done Building Project "D:\ITMO\Degree\Programs\WFSched\CommCreator\CommCreator.vcxproj" (Build target(s)).

Build succeeded.

Time Elapsed 00:00:06.10
