D:\ITMO\DEGREE\PROGRAMS\WFSCHED\COMMCREATOR\X64\DEBUG\COMMCREATOR.PCH
D:\ITMO\DEGREE\PROGRAMS\WFSCHED\COMMCREATOR\X64\DEBUG\STDAFX.OBJ
D:\ITMO\DEGREE\PROGRAMS\WFSCHED\COMMCREATOR\X64\DEBUG\VC100.PDB
D:\ITMO\DEGREE\PROGRAMS\WFSCHED\COMMCREATOR\X64\DEBUG\COMMCREATOR.OBJ
D:\ITMO\DEGREE\PROGRAMS\WFSCHED\X64\DEBUG\COMMCREATOR.ILK
D:\ITMO\DEGREE\PROGRAMS\WFSCHED\X64\DEBUG\COMMCREATOR.EXE
D:\ITMO\DEGREE\PROGRAMS\WFSCHED\COMMCREATOR\X64\DEBUG\COMMCREATOR.EXE.INTERMEDIATE.MANIFEST
D:\ITMO\DEGREE\PROGRAMS\WFSCHED\X64\DEBUG\COMMCREATOR.PDB
D:\ITMO\DEGREE\PROGRAMS\WFSCHED\COMMCREATOR\X64\DEBUG\COMMCREATOR.EXE.EMBED.MANIFEST
D:\ITMO\DEGREE\PROGRAMS\WFSCHED\COMMCREATOR\X64\DEBUG\COMMCREATOR.EXE.EMBED.MANIFEST.RES
D:\ITMO\Degree\Programs\WFSched\CommCreator\x64\Debug\CommCreator.obj
D:\ITMO\Degree\Programs\WFSched\CommCreator\x64\Debug\stdafx.obj
D:\ITMO\Degree\Programs\WFSched\CommCreator\x64\Debug\cl.command.1.tlog
D:\ITMO\Degree\Programs\WFSched\CommCreator\x64\Debug\CL.read.1.tlog
D:\ITMO\Degree\Programs\WFSched\CommCreator\x64\Debug\CL.write.1.tlog
D:\ITMO\Degree\Programs\WFSched\CommCreator\x64\Debug\link-cvtres.read.1.tlog
D:\ITMO\Degree\Programs\WFSched\CommCreator\x64\Debug\link-cvtres.write.1.tlog
D:\ITMO\Degree\Programs\WFSched\CommCreator\x64\Debug\link.5452-cvtres.read.1.tlog
D:\ITMO\Degree\Programs\WFSched\CommCreator\x64\Debug\link.5452-cvtres.write.1.tlog
D:\ITMO\Degree\Programs\WFSched\CommCreator\x64\Debug\link.5452.read.1.tlog
D:\ITMO\Degree\Programs\WFSched\CommCreator\x64\Debug\link.5452.write.1.tlog
D:\ITMO\Degree\Programs\WFSched\CommCreator\x64\Debug\link.5468-cvtres.read.1.tlog
D:\ITMO\Degree\Programs\WFSched\CommCreator\x64\Debug\link.5468-cvtres.write.1.tlog
D:\ITMO\Degree\Programs\WFSched\CommCreator\x64\Debug\link.5468.read.1.tlog
D:\ITMO\Degree\Programs\WFSched\CommCreator\x64\Debug\link.5468.write.1.tlog
D:\ITMO\Degree\Programs\WFSched\CommCreator\x64\Debug\link.5956-cvtres.read.1.tlog
D:\ITMO\Degree\Programs\WFSched\CommCreator\x64\Debug\link.5956-cvtres.write.1.tlog
D:\ITMO\Degree\Programs\WFSched\CommCreator\x64\Debug\link.5956.read.1.tlog
D:\ITMO\Degree\Programs\WFSched\CommCreator\x64\Debug\link.5956.write.1.tlog
D:\ITMO\Degree\Programs\WFSched\CommCreator\x64\Debug\link.6592-cvtres.read.1.tlog
D:\ITMO\Degree\Programs\WFSched\CommCreator\x64\Debug\link.6592-cvtres.write.1.tlog
D:\ITMO\Degree\Programs\WFSched\CommCreator\x64\Debug\link.6592.read.1.tlog
D:\ITMO\Degree\Programs\WFSched\CommCreator\x64\Debug\link.6592.write.1.tlog
D:\ITMO\Degree\Programs\WFSched\CommCreator\x64\Debug\link.7968-cvtres.read.1.tlog
D:\ITMO\Degree\Programs\WFSched\CommCreator\x64\Debug\link.7968-cvtres.write.1.tlog
D:\ITMO\Degree\Programs\WFSched\CommCreator\x64\Debug\link.7968.read.1.tlog
D:\ITMO\Degree\Programs\WFSched\CommCreator\x64\Debug\link.7968.write.1.tlog
D:\ITMO\Degree\Programs\WFSched\CommCreator\x64\Debug\link.8288-cvtres.read.1.tlog
D:\ITMO\Degree\Programs\WFSched\CommCreator\x64\Debug\link.8288-cvtres.write.1.tlog
D:\ITMO\Degree\Programs\WFSched\CommCreator\x64\Debug\link.8288.read.1.tlog
D:\ITMO\Degree\Programs\WFSched\CommCreator\x64\Debug\link.8288.write.1.tlog
D:\ITMO\Degree\Programs\WFSched\CommCreator\x64\Debug\link.8532-cvtres.read.1.tlog
D:\ITMO\Degree\Programs\WFSched\CommCreator\x64\Debug\link.8532-cvtres.write.1.tlog
D:\ITMO\Degree\Programs\WFSched\CommCreator\x64\Debug\link.8532.read.1.tlog
D:\ITMO\Degree\Programs\WFSched\CommCreator\x64\Debug\link.8532.write.1.tlog
D:\ITMO\Degree\Programs\WFSched\CommCreator\x64\Debug\link.command.1.tlog
D:\ITMO\Degree\Programs\WFSched\CommCreator\x64\Debug\link.read.1.tlog
D:\ITMO\Degree\Programs\WFSched\CommCreator\x64\Debug\link.write.1.tlog
D:\ITMO\Degree\Programs\WFSched\CommCreator\x64\Debug\mt.command.1.tlog
D:\ITMO\Degree\Programs\WFSched\CommCreator\x64\Debug\mt.read.1.tlog
D:\ITMO\Degree\Programs\WFSched\CommCreator\x64\Debug\mt.write.1.tlog
D:\ITMO\Degree\Programs\WFSched\CommCreator\x64\Debug\rc.command.1.tlog
D:\ITMO\Degree\Programs\WFSched\CommCreator\x64\Debug\rc.read.1.tlog
D:\ITMO\Degree\Programs\WFSched\CommCreator\x64\Debug\rc.write.1.tlog
D:\ITMO\Degree\Programs\WFSched\CommCreator\x64\Debug\CommCreator.exe.embed.manifest
D:\ITMO\Degree\Programs\WFSched\CommCreator\x64\Debug\CommCreator.exe.intermediate.manifest
D:\ITMO\Degree\Programs\WFSched\CommCreator\x64\Debug\CommCreator.exe.embed.manifest.res
D:\ITMO\Degree\Programs\WFSched\CommCreator\x64\Debug\CommCreator.pch
D:\ITMO\Degree\Programs\WFSched\CommCreator\x64\Debug\vc100.idb
D:\ITMO\Degree\Programs\WFSched\CommCreator\x64\Debug\vc100.pdb
D:\ITMO\Degree\Programs\WFSched\CommCreator\x64\Debug\CommCreator_manifest.rc
D:\ITMO\Degree\Programs\WFSched\x64\Debug\CommCreator.pdb
D:\ITMO\Degree\Programs\WFSched\x64\Debug\CommCreator.exe
D:\ITMO\Degree\Programs\WFSched\x64\Debug\CommCreator.ilk
