Build started 03.09.2014 18:53:32.
     1>Project "D:\ITMO\Degree\Programs\WFSched\CommCreator\CommCreator.vcxproj" on node 2 (Build target(s)).
     1>InitializeBuildStatus:
         Creating "Debug\CommCreator.unsuccessfulbuild" because "AlwaysCreate" was specified.
       ClCompile:
         All outputs are up-to-date.
         C:\Program Files (x86)\Microsoft Visual Studio 11.0\VC\bin\CL.exe /c /ID:\ITMO\Degree\Libs\boost_1_55\boost_1_55_0 /ID:\dist\boost_1_54_0\boost_1_54_0 /ZI /nologo /W3 /WX- /sdl /Od /Oy- /D WIN32 /D _DEBUG /D _CONSOLE /D _MBCS /Gm /EHsc /RTC1 /MDd /GS /fp:precise /Zc:wchar_t /Zc:forScope /Yu"stdafx.h" /Fp"Debug\CommCreator.pch" /Fo"Debug\\" /Fd"Debug\vc110.pdb" /Gd /TP /analyze- /errorReport:prompt CommCreator.cpp
         CommCreator.cpp
     1>d:\itmo\degree\programs\wfsched\commcreator\commcreator.cpp(143): warning C4018: '<' : signed/unsigned mismatch
     1>d:\itmo\degree\programs\wfsched\commcreator\commcreator.cpp(144): warning C4018: '>=' : signed/unsigned mismatch
       Link:
         C:\Program Files (x86)\Microsoft Visual Studio 11.0\VC\bin\link.exe /ERRORREPORT:PROMPT /OUT:"D:\ITMO\Degree\Programs\WFSched\Debug\CommCreator.exe" /INCREMENTAL /NOLOGO /LIBPATH:D:\dist\boost_1_54_0\boost_1_54_0\stage\lib\win32 ws2_32.lib kernel32.lib user32.lib gdi32.lib winspool.lib comdlg32.lib advapi32.lib shell32.lib ole32.lib oleaut32.lib uuid.lib odbc32.lib odbccp32.lib kernel32.lib user32.lib gdi32.lib winspool.lib comdlg32.lib advapi32.lib shell32.lib ole32.lib oleaut32.lib uuid.lib odbc32.lib odbccp32.lib /MANIFEST /MANIFESTUAC:"level='asInvoker' uiAccess='false'" /manifest:embed /DEBUG /PDB:"D:\ITMO\Degree\Programs\WFSched\Debug\CommCreator.pdb" /SUBSYSTEM:CONSOLE /TLBID:1 /DYNAMICBASE /NXCOMPAT /IMPLIB:"D:\ITMO\Degree\Programs\WFSched\Debug\CommCreator.lib" /MACHINE:X86 Debug\CommCreator.obj
         Debug\stdafx.obj
         CommCreator.vcxproj -> D:\ITMO\Degree\Programs\WFSched\Debug\CommCreator.exe
       FinalizeBuildStatus:
         Deleting file "Debug\CommCreator.unsuccessfulbuild".
         Touching "Debug\CommCreator.lastbuildstate".
     1>Done Building Project "D:\ITMO\Degree\Programs\WFSched\CommCreator\CommCreator.vcxproj" (Build target(s)).

Build succeeded.

Time Elapsed 00:00:09.18
