D:\ITMO\DEGREE\PROGRAMS\WFSCHED\COMMCREATOR\DEBUG\COMMCREATOR.PCH
D:\ITMO\DEGREE\PROGRAMS\WFSCHED\COMMCREATOR\DEBUG\STDAFX.OBJ
D:\ITMO\DEGREE\PROGRAMS\WFSCHED\COMMCREATOR\DEBUG\VC110.PDB
D:\ITMO\DEGREE\PROGRAMS\WFSCHED\COMMCREATOR\DEBUG\COMMCREATOR.OBJ
D:\ITMO\DEGREE\PROGRAMS\WFSCHED\DEBUG\COMMCREATOR.ILK
D:\ITMO\DEGREE\PROGRAMS\WFSCHED\DEBUG\COMMCREATOR.EXE
D:\ITMO\DEGREE\PROGRAMS\WFSCHED\DEBUG\COMMCREATOR.PDB
D:\ITMO\Degree\Programs\WFSched\CommCreator\Debug\CommCreator.obj
D:\ITMO\Degree\Programs\WFSched\CommCreator\Debug\stdafx.obj
D:\ITMO\Degree\Programs\WFSched\CommCreator\Debug\cl.command.1.tlog
D:\ITMO\Degree\Programs\WFSched\CommCreator\Debug\CL.read.1.tlog
D:\ITMO\Degree\Programs\WFSched\CommCreator\Debug\CL.write.1.tlog
D:\ITMO\Degree\Programs\WFSched\CommCreator\Debug\link-cvtres.read.1.tlog
D:\ITMO\Degree\Programs\WFSched\CommCreator\Debug\link-cvtres.write.1.tlog
D:\ITMO\Degree\Programs\WFSched\CommCreator\Debug\link-rc.read.1.tlog
D:\ITMO\Degree\Programs\WFSched\CommCreator\Debug\link-rc.write.1.tlog
D:\ITMO\Degree\Programs\WFSched\CommCreator\Debug\link.command.1.tlog
D:\ITMO\Degree\Programs\WFSched\CommCreator\Debug\link.read.1.tlog
D:\ITMO\Degree\Programs\WFSched\CommCreator\Debug\link.write.1.tlog
D:\ITMO\Degree\Programs\WFSched\CommCreator\Debug\CommCreator.pch
D:\ITMO\Degree\Programs\WFSched\CommCreator\Debug\vc110.idb
D:\ITMO\Degree\Programs\WFSched\CommCreator\Debug\vc110.pdb
D:\ITMO\Degree\Programs\WFSched\Debug\CommCreator.pdb
D:\ITMO\Degree\Programs\WFSched\Debug\CommCreator.exe
D:\ITMO\Degree\Programs\WFSched\Debug\CommCreator.ilk
