Build started 08.09.2014 15:27:48.
     1>Project "D:\ITMO\Degree\Programs\WFSched\CommCreator\CommCreator.vcxproj" on node 2 (Rebuild target(s)).
     1>InitializeBuildStatus:
         Creating "x64\Release\CommCreator.unsuccessfulbuild" because "AlwaysCreate" was specified.
       ClCompile:
         C:\Program Files (x86)\Microsoft Visual Studio 10.0\VC\bin\x86_amd64\CL.exe /c /ID:\dist\boost_1_56 /Zi /nologo /W3 /WX- /O2 /Oi /GL /D WIN32 /D NDEBUG /D _CONSOLE /D _MBCS /Gm- /EHsc /MD /GS /Gy /fp:precise /Zc:wchar_t /Zc:forScope /Yc"StdAfx.h" /Fp"x64\Release\CommCreator.pch" /Fo"x64\Release\\" /Fd"x64\Release\vc100.pdb" /Gd /TP /errorReport:prompt stdafx.cpp
         stdafx.cpp
         C:\Program Files (x86)\Microsoft Visual Studio 10.0\VC\bin\x86_amd64\CL.exe /c /ID:\dist\boost_1_56 /Zi /nologo /W3 /WX- /O2 /Oi /GL /D WIN32 /D NDEBUG /D _CONSOLE /D _MBCS /Gm- /EHsc /MD /GS /Gy /fp:precise /Zc:wchar_t /Zc:forScope /Yu"StdAfx.h" /Fp"x64\Release\CommCreator.pch" /Fo"x64\Release\\" /Fd"x64\Release\vc100.pdb" /Gd /TP /errorReport:prompt CommCreator.cpp
         CommCreator.cpp
     1>CommCreator.cpp(281): warning C4267: '=' : conversion from 'size_t' to 'int', possible loss of data
     1>CommCreator.cpp(494): warning C4267: 'initializing' : conversion from 'size_t' to 'int', possible loss of data
       Link:
         C:\Program Files (x86)\Microsoft Visual Studio 10.0\VC\bin\x86_amd64\link.exe /ERRORREPORT:PROMPT /OUT:"D:\ITMO\Degree\Programs\WFSched\x64\Release\CommCreator.exe" /INCREMENTAL:NO /NOLOGO /LIBPATH:"D:\dist\boost_1_56\lib64-msvc-10.0" /LIBPATH:D:\dist\boost_1_56\libs ws2_32.lib kernel32.lib user32.lib gdi32.lib winspool.lib comdlg32.lib advapi32.lib shell32.lib ole32.lib oleaut32.lib uuid.lib odbc32.lib odbccp32.lib kernel32.lib user32.lib gdi32.lib winspool.lib comdlg32.lib advapi32.lib shell32.lib ole32.lib oleaut32.lib uuid.lib odbc32.lib odbccp32.lib /MANIFEST /ManifestFile:"x64\Release\CommCreator.exe.intermediate.manifest" /MANIFESTUAC:"level='asInvoker' uiAccess='false'" /DEBUG /PDB:"D:\ITMO\Degree\Programs\WFSched\x64\Release\CommCreator.pdb" /SUBSYSTEM:CONSOLE /OPT:REF /OPT:ICF /LTCG /TLBID:1 /DYNAMICBASE /NXCOMPAT /IMPLIB:"D:\ITMO\Degree\Programs\WFSched\x64\Release\CommCreator.lib" /MACHINE:X64 x64\Release\CommCreator.obj
         x64\Release\stdafx.obj
         Generating code
         Finished generating code
         CommCreator.vcxproj -> D:\ITMO\Degree\Programs\WFSched\x64\Release\CommCreator.exe
       Manifest:
         C:\Program Files (x86)\Microsoft SDKs\Windows\v7.0A\bin\mt.exe /nologo /verbose /outputresource:"D:\ITMO\Degree\Programs\WFSched\x64\Release\CommCreator.exe;#1" /manifest x64\Release\CommCreator.exe.intermediate.manifest
       FinalizeBuildStatus:
         Deleting file "x64\Release\CommCreator.unsuccessfulbuild".
         Touching "x64\Release\CommCreator.lastbuildstate".
     1>Done Building Project "D:\ITMO\Degree\Programs\WFSched\CommCreator\CommCreator.vcxproj" (Rebuild target(s)).

Build succeeded.

Time Elapsed 00:00:07.72
