D:\ITMO\DEGREE\PROGRAMS\WFSCHED\DAXCREATOR\DEBUG\DAXCREATOR.PCH
D:\ITMO\DEGREE\PROGRAMS\WFSCHED\DAXCREATOR\DEBUG\STDAFX.OBJ
D:\ITMO\DEGREE\PROGRAMS\WFSCHED\DAXCREATOR\DEBUG\VC110.PDB
D:\ITMO\DEGREE\PROGRAMS\WFSCHED\DAXCREATOR\DEBUG\DAXCREATOR.OBJ
D:\ITMO\DEGREE\PROGRAMS\WFSCHED\DEBUG\DAXCREATOR.ILK
D:\ITMO\DEGREE\PROGRAMS\WFSCHED\DEBUG\DAXCREATOR.EXE
D:\ITMO\DEGREE\PROGRAMS\WFSCHED\DEBUG\DAXCREATOR.PDB
D:\ITMO\Degree\Programs\WFSched\DAXCreator\Debug\DAXCreator.obj
D:\ITMO\Degree\Programs\WFSched\DAXCreator\Debug\stdafx.obj
D:\ITMO\Degree\Programs\WFSched\DAXCreator\Debug\cl.command.1.tlog
D:\ITMO\Degree\Programs\WFSched\DAXCreator\Debug\CL.read.1.tlog
D:\ITMO\Degree\Programs\WFSched\DAXCreator\Debug\CL.write.1.tlog
D:\ITMO\Degree\Programs\WFSched\DAXCreator\Debug\link-cvtres.read.1.tlog
D:\ITMO\Degree\Programs\WFSched\DAXCreator\Debug\link-cvtres.write.1.tlog
D:\ITMO\Degree\Programs\WFSched\DAXCreator\Debug\link-rc.read.1.tlog
D:\ITMO\Degree\Programs\WFSched\DAXCreator\Debug\link-rc.write.1.tlog
D:\ITMO\Degree\Programs\WFSched\DAXCreator\Debug\link.command.1.tlog
D:\ITMO\Degree\Programs\WFSched\DAXCreator\Debug\link.read.1.tlog
D:\ITMO\Degree\Programs\WFSched\DAXCreator\Debug\link.write.1.tlog
D:\ITMO\Degree\Programs\WFSched\DAXCreator\Debug\DAXCreator.pch
D:\ITMO\Degree\Programs\WFSched\DAXCreator\Debug\vc110.idb
D:\ITMO\Degree\Programs\WFSched\DAXCreator\Debug\vc110.pdb
D:\ITMO\Degree\Programs\WFSched\Debug\DAXCreator.pdb
D:\ITMO\Degree\Programs\WFSched\Debug\DAXCreator.exe
D:\ITMO\Degree\Programs\WFSched\Debug\DAXCreator.ilk
