Build started 08.09.2014 15:28:54.
     1>Project "D:\ITMO\Degree\Programs\WFSched\CommCreator\CommCreator.vcxproj" on node 2 (Build target(s)).
     1>InitializeBuildStatus:
         Creating "Release\CommCreator.unsuccessfulbuild" because "AlwaysCreate" was specified.
       ClCompile:
         All outputs are up-to-date.
         C:\Program Files (x86)\Microsoft Visual Studio 11.0\VC\bin\CL.exe /c /ID:\ITMO\Degree\Libs\boost_1_55\boost_1_55_0 /ID:\dist\boost_1_54_0\boost_1_54_0 /Zi /nologo /W3 /WX- /sdl /O2 /Oi /Oy- /GL /D WIN32 /D NDEBUG /D _CONSOLE /D _MBCS /Gm- /EHsc /MD /GS /Gy /fp:precise /Zc:wchar_t /Zc:forScope /Yu"stdafx.h" /Fp"Release\CommCreator.pch" /Fo"Release\\" /Fd"Release\vc110.pdb" /Gd /TP /analyze- /errorReport:prompt CommCreator.cpp
         CommCreator.cpp
     1>CommCreator.cpp(159): warning C4018: '<' : signed/unsigned mismatch
     1>CommCreator.cpp(160): warning C4018: '>' : signed/unsigned mismatch
       Link:
         C:\Program Files (x86)\Microsoft Visual Studio 11.0\VC\bin\link.exe /ERRORREPORT:PROMPT /OUT:"D:\ITMO\Degree\Programs\WFSched\Release\CommCreator.exe" /INCREMENTAL:NO /NOLOGO /LIBPATH:D:\dist\boost_1_54_0\boost_1_54_0\stage\lib\win32 ws2_32.lib kernel32.lib user32.lib gdi32.lib winspool.lib comdlg32.lib advapi32.lib shell32.lib ole32.lib oleaut32.lib uuid.lib odbc32.lib odbccp32.lib kernel32.lib user32.lib gdi32.lib winspool.lib comdlg32.lib advapi32.lib shell32.lib ole32.lib oleaut32.lib uuid.lib odbc32.lib odbccp32.lib /MANIFEST /MANIFESTUAC:"level='asInvoker' uiAccess='false'" /manifest:embed /DEBUG /PDB:"D:\ITMO\Degree\Programs\WFSched\Release\CommCreator.pdb" /SUBSYSTEM:CONSOLE /OPT:REF /OPT:ICF /LTCG /TLBID:1 /DYNAMICBASE /NXCOMPAT /IMPLIB:"D:\ITMO\Degree\Programs\WFSched\Release\CommCreator.lib" /MACHINE:X86 /SAFESEH Release\CommCreator.obj
         Release\stdafx.obj
         Generating code
         Finished generating code
         CommCreator.vcxproj -> D:\ITMO\Degree\Programs\WFSched\Release\CommCreator.exe
       FinalizeBuildStatus:
         Deleting file "Release\CommCreator.unsuccessfulbuild".
         Touching "Release\CommCreator.lastbuildstate".
     1>Done Building Project "D:\ITMO\Degree\Programs\WFSched\CommCreator\CommCreator.vcxproj" (Build target(s)).

Build succeeded.

Time Elapsed 00:00:08.07
